Looking for git in: git
Using git 2.17.1 from git
> git rev-parse --show-toplevel
> git config --get commit.template
Open repository: /var/www/html/valami
> git status -z -u
> git symbolic-ref --short HEAD
> git rev-parse master
> git rev-parse --symbolic-full-name master@{u}
> git rev-list --left-right master...refs/remotes/origin/master
> git for-each-ref --format %(refname) %(objectname) --sort -committerdate
> git remote --verbose
> git show :resources/views/admin/slider/index.blade.php
> git ls-files --stage -- resources/views/admin/slider/
> git check-ignore -z --stdin
> git check-ignore -z --stdin
> git check-ignore -z --stdin
> git check-ignore -z --stdin
> git show :app/Http/Controllers/ContactController.php
> git ls-files --stage -- app/Http/Controllers/
> git show :app/Http/Controllers/HeaderController.php
> git ls-files --stage -- app/Http/Controllers/
> git show :app/Http/Controllers/ContactController.php
> git ls-files --stage -- app/Http/Controllers/
> git check-ignore -z --stdin
> git show :resources/views/admin/slider/index.blade.php
> git ls-files --stage -- resources/views/admin/slider/
> git show :app/Http/Controllers/ContactController.php
> git ls-files --stage -- app/Http/Controllers/
> git show :resources/views/admin/menu/form.blade.php
> git ls-files --stage -- resources/views/admin/menu/
> git check-ignore -z --stdin
> git show :app/Http/Controllers/ContactController.php
> git ls-files --stage -- app/Http/Controllers/
> git show :resources/views/welcome.blade.php
> git check-ignore -z --stdin
> git check-ignore -z --stdin
> git show :resources/views/layouts/frontend.blade.php
> git ls-files --stage -- resources/views/layouts/
> git show :resources/views/partial/contact.blade.php
> git ls-files --stage -- resources/views/partial/
> git show :app/Http/Controllers/ContactController.php
> git ls-files --stage -- app/Http/Controllers/
> git check-ignore -z --stdin
> git show :routes/web.php
> git show :app/Http/Controllers/ContactController.php
> git ls-files --stage -- app/Http/Controllers/
> git show :resources/views/partial/contact.blade.php
> git ls-files --stage -- resources/views/partial/
> git show :app/Http/Controllers/ContactController.php
> git ls-files --stage -- app/Http/Controllers/
> git show :routes/web.php
> git show :resources/views/partial/contact.blade.php
> git ls-files --stage -- resources/views/partial/
> git show :routes/web.php
> git show :app/Http/Controllers/ContactController.php
> git ls-files --stage -- app/Http/Controllers/
> git show :routes/web.php
> git show :resources/views/partial/contact.blade.php
> git ls-files --stage -- resources/views/partial/
> git show :app/Http/Controllers/ContactController.php
> git ls-files --stage -- app/Http/Controllers/
