Looking for git in: git
Using git 2.17.1 from git
> git rev-parse --show-toplevel
> git config --get commit.template
Open repository: /var/www/html/valami
> git status -z -u
> git symbolic-ref --short HEAD
> git rev-parse master
> git rev-parse --symbolic-full-name master@{u}
> git rev-list --left-right master...refs/remotes/origin/master
> git for-each-ref --format %(refname) %(objectname) --sort -committerdate
> git remote --verbose
> git show :routes/web.php
> git check-ignore -z --stdin
> git show :app/Http/Controllers/ContactController.php
> git ls-files --stage -- app/Http/Controllers/
> git check-ignore -z --stdin
> git show :app/Http/Controllers/Admin/TimelineController.php
> git ls-files --stage -- app/Http/Controllers/Admin/
> git check-ignore -z --stdin
> git check-ignore -z --stdin
> git check-ignore -z --stdin
> git check-ignore -z --stdin
> git check-ignore -z --stdin
> git show :resources/views/admin/timeline/show.blade.php
> git ls-files --stage -- resources/views/admin/timeline/
> git check-ignore -z --stdin
> git check-ignore -z --stdin
> git show :resources/views/admin/menu/show.blade.php
> git ls-files --stage -- resources/views/admin/menu/
> git show :resources/views/admin/timeline/show.blade.php
> git ls-files --stage -- resources/views/admin/timeline/
> git show :resources/views/admin/timeline/form.blade.php
> git ls-files --stage -- resources/views/admin/timeline/
> git check-ignore -z --stdin
> git show :resources/views/admin/menu/form.blade.php
> git ls-files --stage -- resources/views/admin/menu/
> git show :resources/views/admin/timeline/form.blade.php
> git ls-files --stage -- resources/views/admin/timeline/
> git show :resources/views/admin/timeline/show.blade.php
> git ls-files --stage -- resources/views/admin/timeline/
> git show :resources/views/admin/timeline/edit.blade.php
> git ls-files --stage -- resources/views/admin/timeline/
> git check-ignore -z --stdin
> git show :resources/views/admin/menu/edit.blade.php
> git ls-files --stage -- resources/views/admin/menu/
> git show :resources/views/admin/timeline/edit.blade.php
> git ls-files --stage -- resources/views/admin/timeline/
> git show :resources/views/admin/timeline/create.blade.php
> git ls-files --stage -- resources/views/admin/timeline/
> git check-ignore -z --stdin
> git show :resources/views/admin/menu/create.blade.php
> git ls-files --stage -- resources/views/admin/menu/
> git show :resources/views/admin/timeline/create.blade.php
> git ls-files --stage -- resources/views/admin/timeline/
> git show :app/Timeline.php
> git ls-files --stage -- app/
> git show :app/Menu.php
> git ls-files --stage -- app/
> git show :app/Timeline.php
> git ls-files --stage -- app/
> git show :app/Menu.php
> git ls-files --stage -- app/
> git show :resources/views/admin/timeline/create.blade.php
> git ls-files --stage -- resources/views/admin/timeline/
> git show :resources/views/admin/timeline/edit.blade.php
> git ls-files --stage -- resources/views/admin/timeline/
> git show :app/Http/Controllers/Admin/TimelineController.php
> git ls-files --stage -- app/Http/Controllers/Admin/
> git show :resources/views/admin/timeline/show.blade.php
> git ls-files --stage -- resources/views/admin/timeline/
> git show :app/Http/Controllers/Admin/TimelineController.php
> git ls-files --stage -- app/Http/Controllers/Admin/
> git show :resources/views/admin/timeline/show.blade.php
> git ls-files --stage -- resources/views/admin/timeline/
> git show :app/Http/Controllers/Admin/TimelineController.php
> git ls-files --stage -- app/Http/Controllers/Admin/
> git show :resources/views/admin/timeline/show.blade.php
> git ls-files --stage -- resources/views/admin/timeline/
> git show :app/Http/Controllers/Admin/TimelineController.php
> git ls-files --stage -- app/Http/Controllers/Admin/
> git show :resources/views/admin/timeline/show.blade.php
> git ls-files --stage -- resources/views/admin/timeline/
> git show :app/Http/Controllers/Admin/TimelineController.php
> git ls-files --stage -- app/Http/Controllers/Admin/
> git show :routes/web.php
> git show :app/Http/Controllers/Admin/TimelineController.php
> git ls-files --stage -- app/Http/Controllers/Admin/
> git show :routes/web.php
> git show :app/Http/Controllers/Admin/TimelineController.php
> git ls-files --stage -- app/Http/Controllers/Admin/
> git show :routes/web.php
> git show :app/Http/Controllers/Admin/TimelineController.php
> git ls-files --stage -- app/Http/Controllers/Admin/
> git check-ignore -z --stdin
> git show :resources/views/admin/timeline/post_edit.blade.php
> git ls-files --stage -- resources/views/admin/timeline/
> git check-ignore -z --stdin
> git show :resources/views/admin/timeline/edit.blade.php
> git ls-files --stage -- resources/views/admin/timeline/
> git show :resources/views/admin/timeline/post_edit.blade.php
> git ls-files --stage -- resources/views/admin/timeline/
> git show :app/Http/Controllers/Admin/TimelineController.php
> git ls-files --stage -- app/Http/Controllers/Admin/
> git show :resources/views/admin/timeline/post_edit.blade.php
> git ls-files --stage -- resources/views/admin/timeline/
> git show :resources/views/admin/timeline/formpost.blade.php
> git ls-files --stage -- resources/views/admin/timeline/
> git check-ignore -z --stdin
> git show :resources/views/admin/timeline/form.blade.php
> git ls-files --stage -- resources/views/admin/timeline/
> git show :resources/views/admin/timeline/formpost.blade.php
> git ls-files --stage -- resources/views/admin/timeline/
> git show :resources/views/admin/menu/form.blade.php
> git ls-files --stage -- resources/views/admin/menu/
> git show :resources/views/admin/timeline/formpost.blade.php
> git ls-files --stage -- resources/views/admin/timeline/
> git show :resources/views/admin/timeline/post_edit.blade.php
> git ls-files --stage -- resources/views/admin/timeline/
> git show :routes/web.php
> git show :app/Http/Controllers/Admin/TimelineController.php
> git ls-files --stage -- app/Http/Controllers/Admin/
> git show :app/Http/Controllers/ContactController.php
> git ls-files --stage -- app/Http/Controllers/
> git show :app/Http/Controllers/Admin/TimelineController.php
> git ls-files --stage -- app/Http/Controllers/Admin/
> git show :routes/web.php
> git show :resources/views/admin/timeline/post_edit.blade.php
> git ls-files --stage -- resources/views/admin/timeline/
> git show :routes/web.php
> git show :resources/views/admin/timeline/show.blade.php
> git ls-files --stage -- resources/views/admin/timeline/
> git show :resources/views/admin/timeline/edit.blade.php
> git ls-files --stage -- resources/views/admin/timeline/
> git show :app/Http/Controllers/Admin/TimelineController.php
> git ls-files --stage -- app/Http/Controllers/Admin/
> git show :routes/web.php
> git show :resources/views/admin/timeline/show.blade.php
> git ls-files --stage -- resources/views/admin/timeline/
> git show :routes/web.php
> git show :resources/views/admin/timeline/post_edit.blade.php
> git ls-files --stage -- resources/views/admin/timeline/
> git show :routes/web.php
> git show :app/Http/Controllers/Admin/TimelineController.php
> git ls-files --stage -- app/Http/Controllers/Admin/
> git show :resources/views/admin/timeline/edit.blade.php
> git ls-files --stage -- resources/views/admin/timeline/
> git show :resources/views/admin/timeline/post_edit.blade.php
> git ls-files --stage -- resources/views/admin/timeline/
> git show :resources/views/admin/timeline/show.blade.php
> git ls-files --stage -- resources/views/admin/timeline/
> git show :app/Http/Controllers/Admin/TimelineController.php
> git ls-files --stage -- app/Http/Controllers/Admin/
> git show :routes/web.php
> git show :app/Http/Controllers/Admin/TimelineController.php
> git ls-files --stage -- app/Http/Controllers/Admin/
> git show :resources/views/admin/timeline/edit.blade.php
> git ls-files --stage -- resources/views/admin/timeline/
> git show :resources/views/admin/timeline/show.blade.php
> git ls-files --stage -- resources/views/admin/timeline/
> git show :resources/views/admin/timeline/post_edit.blade.php
> git ls-files --stage -- resources/views/admin/timeline/
> git show :routes/web.php
> git show :resources/views/admin/timeline/show.blade.php
> git ls-files --stage -- resources/views/admin/timeline/
> git show :app/Http/Controllers/ContactController.php
> git ls-files --stage -- app/Http/Controllers/
> git show :resources/views/admin/timeline/show.blade.php
> git ls-files --stage -- resources/views/admin/timeline/
> git show :resources/views/admin/timeline/index.blade.php
> git ls-files --stage -- resources/views/admin/timeline/
> git show :resources/views/admin/timeline/show.blade.php
> git ls-files --stage -- resources/views/admin/timeline/
> git show :routes/web.php
> git show :resources/views/admin/timeline/post_edit.blade.php
> git ls-files --stage -- resources/views/admin/timeline/
> git show :routes/web.php
> git show :resources/views/admin/timeline/show.blade.php
> git ls-files --stage -- resources/views/admin/timeline/
> git show :routes/web.php
> git show :resources/views/admin/timeline/show.blade.php
> git ls-files --stage -- resources/views/admin/timeline/
> git show :routes/web.php
> git show :resources/views/admin/timeline/show.blade.php
> git ls-files --stage -- resources/views/admin/timeline/
> git show :app/Http/Controllers/Admin/TimelineController.php
> git ls-files --stage -- app/Http/Controllers/Admin/
> git show :app/Http/Controllers/Admin/SettingsController.php
> git show :app/Http/Controllers/Admin/TimelineController.php
> git ls-files --stage -- app/Http/Controllers/Admin/
> git show :resources/views/admin/timeline/edit.blade.php
> git ls-files --stage -- resources/views/admin/timeline/
> git show :resources/views/admin/timeline/create.blade.php
> git ls-files --stage -- resources/views/admin/timeline/
> git show :resources/views/admin/timeline/createpost.blade.php
> git ls-files --stage -- resources/views/admin/timeline/
> git check-ignore -z --stdin
> git show :resources/views/admin/timeline/create.blade.php
> git ls-files --stage -- resources/views/admin/timeline/
> git show :resources/views/admin/timeline/createpost.blade.php
> git ls-files --stage -- resources/views/admin/timeline/
> git show :app/Http/Controllers/Admin/TimelineController.php
> git ls-files --stage -- app/Http/Controllers/Admin/
> git show :resources/views/admin/timeline/createpost.blade.php
> git ls-files --stage -- resources/views/admin/timeline/
> git show :resources/views/admin/timeline/create.blade.php
> git ls-files --stage -- resources/views/admin/timeline/
> git show :resources/views/admin/timeline/createpost.blade.php
> git ls-files --stage -- resources/views/admin/timeline/
> git show :resources/views/admin/timeline/edit.blade.php
> git ls-files --stage -- resources/views/admin/timeline/
> git show :resources/views/admin/timeline/createpost.blade.php
> git ls-files --stage -- resources/views/admin/timeline/
> git show :routes/web.php
> git show :resources/views/admin/timeline/createpost.blade.php
> git ls-files --stage -- resources/views/admin/timeline/
> git show :routes/web.php
> git show :app/Http/Controllers/Admin/TimelineController.php
> git ls-files --stage -- app/Http/Controllers/Admin/
> git show :routes/web.php
> git show :resources/views/admin/timeline/show.blade.php
> git ls-files --stage -- resources/views/admin/timeline/
> git show :resources/views/admin/timeline/createpost.blade.php
> git ls-files --stage -- resources/views/admin/timeline/
> git show :routes/web.php
> git show :resources/views/admin/timeline/post_edit.blade.php
> git ls-files --stage -- resources/views/admin/timeline/
> git show :resources/views/admin/timeline/form.blade.php
> git ls-files --stage -- resources/views/admin/timeline/
> git show :resources/views/admin/timeline/formpost.blade.php
> git ls-files --stage -- resources/views/admin/timeline/
> git show :resources/views/admin/timeline/post_edit.blade.php
> git ls-files --stage -- resources/views/admin/timeline/
> git show :resources/views/admin/timeline/createpost.blade.php
> git ls-files --stage -- resources/views/admin/timeline/
> git show :app/Http/Controllers/Admin/TimelineController.php
> git ls-files --stage -- app/Http/Controllers/Admin/
> git show :resources/views/admin/timeline/post_edit.blade.php
> git ls-files --stage -- resources/views/admin/timeline/
> git show :app/Http/Controllers/Admin/TimelineController.php
> git ls-files --stage -- app/Http/Controllers/Admin/
> git show :resources/views/admin/timeline/formpost.blade.php
> git ls-files --stage -- resources/views/admin/timeline/
> git show :resources/views/admin/timeline/createpost.blade.php
> git ls-files --stage -- resources/views/admin/timeline/
> git show :resources/views/admin/timeline/formpost.blade.php
> git ls-files --stage -- resources/views/admin/timeline/
> git show :resources/views/admin/timeline/createpost.blade.php
> git ls-files --stage -- resources/views/admin/timeline/
> git show :app/Http/Controllers/Admin/TimelineController.php
> git ls-files --stage -- app/Http/Controllers/Admin/
> git show :app/Timeline_post.php
> git ls-files --stage -- app/
> git show :app/Timeline.php
> git ls-files --stage -- app/
> git show :app/Timeline_post.php
> git ls-files --stage -- app/
> git show :app/Http/Controllers/ContactController.php
> git ls-files --stage -- app/Http/Controllers/
> git show :app/Http/Controllers/Admin/TimelineController.php
> git ls-files --stage -- app/Http/Controllers/Admin/
> git show :app/Http/Controllers/ContactController.php
> git ls-files --stage -- app/Http/Controllers/
> git show :resources/views/rolunk.blade.php
> git ls-files --stage -- resources/views/
> git show :routes/web.php
> git show :app/Http/Controllers/Rolunk.php
> git ls-files --stage -- app/Http/Controllers/
> git show :app/Http/Controllers/Admin/TimelineController.php
> git ls-files --stage -- app/Http/Controllers/Admin/
> git show :app/Http/Controllers/Rolunk.php
> git ls-files --stage -- app/Http/Controllers/
> git show :app/Http/Controllers/Admin/TimelineController.php
> git ls-files --stage -- app/Http/Controllers/Admin/
> git show :app/Http/Controllers/Rolunk.php
> git ls-files --stage -- app/Http/Controllers/
> git show :app/Http/Controllers/Admin/TimelineController.php
> git ls-files --stage -- app/Http/Controllers/Admin/
> git show :app/Http/Controllers/Rolunk.php
> git ls-files --stage -- app/Http/Controllers/
> git show :routes/web.php
> git show :app/Timeline_post.php
> git ls-files --stage -- app/
> git show :resources/views/rolunk.blade.php
> git ls-files --stage -- resources/views/
> git show :app/Http/Controllers/Admin/TimelineController.php
> git ls-files --stage -- app/Http/Controllers/Admin/
> git show :app/Http/Controllers/Rolunk.php
> git ls-files --stage -- app/Http/Controllers/
> git show :app/Http/Controllers/Admin/TimelineController.php
> git ls-files --stage -- app/Http/Controllers/Admin/
> git show :app/Http/Controllers/Rolunk.php
> git ls-files --stage -- app/Http/Controllers/
> git show :resources/views/admin/timeline/show.blade.php
> git ls-files --stage -- resources/views/admin/timeline/
> git show :app/Http/Controllers/Rolunk.php
> git ls-files --stage -- app/Http/Controllers/
> git show :resources/views/rolunk.blade.php
> git ls-files --stage -- resources/views/
> git show :app/Http/Controllers/Rolunk.php
> git ls-files --stage -- app/Http/Controllers/
> git show :routes/web.php
> git show :resources/views/rolunk.blade.php
> git ls-files --stage -- resources/views/
> git show :app/Http/Controllers/ContactController.php
> git ls-files --stage -- app/Http/Controllers/
> git show :resources/views/rolunk.blade.php
> git ls-files --stage -- resources/views/
> git show :app/Http/Controllers/Rolunk.php
> git ls-files --stage -- app/Http/Controllers/
> git show :resources/views/rolunk.blade.php
> git ls-files --stage -- resources/views/
> git check-ignore -z --stdin
> git check-ignore -z --stdin
> git show :public/css/frontend.scss
> git ls-files --stage -- public/css/
> git show :app/Http/Controllers/Rolunk.php
> git ls-files --stage -- app/Http/Controllers/
> git show :app/Http/Controllers/ContactController.php
> git ls-files --stage -- app/Http/Controllers/
> git show :resources/views/rolunk.blade.php
> git ls-files --stage -- resources/views/
> git show :public/css/frontend.scss
> git ls-files --stage -- public/css/
> git show :resources/views/rolunk.blade.php
> git ls-files --stage -- resources/views/
> git show :public/css/frontend.scss
> git ls-files --stage -- public/css/
> git show :resources/views/rolunk.blade.php
> git ls-files --stage -- resources/views/
> git show :public/css/frontend.scss
> git ls-files --stage -- public/css/
> git show :resources/views/rolunk.blade.php
> git ls-files --stage -- resources/views/
> git show :public/css/frontend.scss
> git ls-files --stage -- public/css/
> git show :resources/views/rolunk.blade.php
> git ls-files --stage -- resources/views/
> git show :public/css/frontend.scss
> git ls-files --stage -- public/css/
> git show :resources/views/rolunk.blade.php
> git ls-files --stage -- resources/views/
> git show :public/css/frontend.scss
> git ls-files --stage -- public/css/
> git show :resources/views/rolunk.blade.php
> git ls-files --stage -- resources/views/
> git show :public/css/frontend.scss
> git ls-files --stage -- public/css/
> git show :resources/views/rolunk.blade.php
> git ls-files --stage -- resources/views/
> git show :public/css/frontend.scss
> git ls-files --stage -- public/css/
> git show :resources/views/rolunk.blade.php
> git ls-files --stage -- resources/views/
> git show :public/css/frontend.scss
> git ls-files --stage -- public/css/
> git show :resources/views/rolunk.blade.php
> git ls-files --stage -- resources/views/
> git show :public/css/frontend.scss
> git ls-files --stage -- public/css/
> git show :resources/views/rolunk.blade.php
> git ls-files --stage -- resources/views/
> git show :public/css/frontend.scss
> git ls-files --stage -- public/css/
> git show :resources/views/rolunk.blade.php
> git ls-files --stage -- resources/views/
> git show :public/css/frontend.scss
> git ls-files --stage -- public/css/
> git show :resources/views/rolunk.blade.php
> git ls-files --stage -- resources/views/
> git show :public/css/frontend.scss
> git ls-files --stage -- public/css/
> git show :resources/views/rolunk.blade.php
> git ls-files --stage -- resources/views/
> git show :routes/web.php
> git show :public/css/frontend.scss
> git ls-files --stage -- public/css/
> git show :resources/views/rolunk.blade.php
> git ls-files --stage -- resources/views/
> git show :app/Http/Controllers/ContactController.php
> git ls-files --stage -- app/Http/Controllers/
> git show :resources/views/rolunk.blade.php
> git ls-files --stage -- resources/views/
> git show :app/Http/Controllers/ContactController.php
> git ls-files --stage -- app/Http/Controllers/
> git show :resources/views/rolunk.blade.php
> git ls-files --stage -- resources/views/
> git show :app/Http/Controllers/ContactController.php
> git ls-files --stage -- app/Http/Controllers/
> git show :resources/views/rolunk.blade.php
> git ls-files --stage -- resources/views/
