Looking for git in: git
Using git 2.17.1 from git
> git rev-parse --show-toplevel
> git config --get commit.template
Open repository: /var/www/html/valami
> git status -z -u
> git symbolic-ref --short HEAD
> git rev-parse master
> git rev-parse --symbolic-full-name master@{u}
> git rev-list --left-right master...refs/remotes/origin/master
> git for-each-ref --format %(refname) %(objectname) --sort -committerdate
> git remote --verbose
> git show :routes/web.php
> git check-ignore -z --stdin
> git show :app/Http/Controllers/Rolunk.php
> git ls-files --stage -- app/Http/Controllers/
> git check-ignore -z --stdin
> git check-ignore -z --stdin
> git check-ignore -z --stdin
> git check-ignore -z --stdin
> git show :resources/views/rolunk.blade.php
> git ls-files --stage -- resources/views/
> git check-ignore -z --stdin
> git show :app/Http/Controllers/Rolunk.php
> git ls-files --stage -- app/Http/Controllers/
> git show :resources/views/rolunk.blade.php
> git ls-files --stage -- resources/views/
> git show :app/Http/Controllers/Rolunk.php
> git ls-files --stage -- app/Http/Controllers/
> git show :resources/views/rolunk.blade.php
> git ls-files --stage -- resources/views/
> git show :resources/views/layouts/app.blade.php
> git show :resources/views/rolunk.blade.php
> git ls-files --stage -- resources/views/
> git show :resources/views/layouts/site.blade.php
> git ls-files --stage -- resources/views/layouts/
> git check-ignore -z --stdin
> git show :resources/views/layouts/frontend.blade.php
> git ls-files --stage -- resources/views/layouts/
> git show :resources/views/layouts/site.blade.php
> git ls-files --stage -- resources/views/layouts/
> git show :resources/views/rolunk.blade.php
> git ls-files --stage -- resources/views/
> git show :resources/views/welcome.blade.php
> git show :resources/views/rolunk.blade.php
> git ls-files --stage -- resources/views/
> git show :app/Http/Controllers/Rolunk.php
> git ls-files --stage -- app/Http/Controllers/
> git show :resources/views/rolunk.blade.php
> git ls-files --stage -- resources/views/
> git show :resources/views/layouts/site.blade.php
> git ls-files --stage -- resources/views/layouts/
> git show :resources/views/rolunk.blade.php
> git ls-files --stage -- resources/views/
> git show :resources/views/partial/header.blade.php
> git ls-files --stage -- resources/views/partial/
> git show :resources/views/rolunk.blade.php
> git ls-files --stage -- resources/views/
> git show :resources/views/layouts/site.blade.php
> git ls-files --stage -- resources/views/layouts/
> git show :resources/views/welcome.blade.php
> git show :resources/views/layouts/site.blade.php
> git ls-files --stage -- resources/views/layouts/
> git show :resources/views/rolunk.blade.php
> git ls-files --stage -- resources/views/
> git check-ignore -z --stdin
> git check-ignore -z --stdin
> git show :public/css/frontend.scss
> git ls-files --stage -- public/css/
> git show :app/Http/Controllers/Rolunk.php
> git ls-files --stage -- app/Http/Controllers/
> git show :resources/views/rolunk.blade.php
> git ls-files --stage -- resources/views/
> git show :resources/views/layouts/site.blade.php
> git ls-files --stage -- resources/views/layouts/
> git show :resources/views/partial/header.blade.php
> git ls-files --stage -- resources/views/partial/
> git show :resources/views/rolunk.blade.php
> git ls-files --stage -- resources/views/
> git show :public/css/frontend.scss
> git ls-files --stage -- public/css/
> git show :resources/views/rolunk.blade.php
> git ls-files --stage -- resources/views/
> git show :public/css/frontend.scss
> git ls-files --stage -- public/css/
> git show :resources/views/rolunk.blade.php
> git ls-files --stage -- resources/views/
> git show :public/css/frontend.scss
> git ls-files --stage -- public/css/
> git show :app/Http/Controllers/Rolunk.php
> git ls-files --stage -- app/Http/Controllers/
> git show :resources/views/rolunk.blade.php
> git ls-files --stage -- resources/views/
> git show :public/css/frontend.scss
> git ls-files --stage -- public/css/
> git show :resources/views/partial/header.blade.php
> git ls-files --stage -- resources/views/partial/
> git show :resources/views/layouts/site.blade.php
> git ls-files --stage -- resources/views/layouts/
> git show :resources/views/rolunk.blade.php
> git ls-files --stage -- resources/views/
> git show :public/css/frontend.scss
> git ls-files --stage -- public/css/
> git show :resources/views/partial/header.blade.php
> git ls-files --stage -- resources/views/partial/
> git show :resources/views/layouts/site.blade.php
> git ls-files --stage -- resources/views/layouts/
> git show :public/css/frontend.scss
> git ls-files --stage -- public/css/
> git show :resources/views/rolunk.blade.php
> git ls-files --stage -- resources/views/
> git show :public/css/frontend.scss
> git ls-files --stage -- public/css/
> git check-ignore -z --stdin
> git check-ignore -z --stdin
> git show :database/migrations/2019_05_15_132036_timeline.php
> git ls-files --stage -- database/migrations/
> git show :database/migrations/2019_05_15_085133_slider.php
> git ls-files --stage -- database/migrations/
> git show :database/migrations/2019_05_15_132036_timeline.php
> git ls-files --stage -- database/migrations/
> git show :database/migrations/2019_05_15_085133_slider.php
> git ls-files --stage -- database/migrations/
> git show :database/migrations/2019_05_15_132036_timeline.php
> git ls-files --stage -- database/migrations/
> git show :database/migrations/2019_05_15_132040_timeline_posts.php
> git ls-files --stage -- database/migrations/
> git show :database/migrations/2019_05_15_132036_timeline.php
> git ls-files --stage -- database/migrations/
> git show :database/migrations/2019_05_15_132040_timeline_posts.php
> git ls-files --stage -- database/migrations/
> git check-ignore -z --stdin
> git show :resources/laravel-admin/menus.json
> git show :routes/web.php
> git check-ignore -z --stdin
> git show :app/Http/Controllers/Admin/TimelineController.php
> git ls-files --stage -- app/Http/Controllers/Admin/
> git check-ignore -z --stdin
> git show :app/Http/Controllers/Admin/AdminController.php
> git show :app/Http/Controllers/Admin/MenuController.php
> git ls-files --stage -- app/Http/Controllers/Admin/
> git show :app/Http/Controllers/Admin/TimelineController.php
> git ls-files --stage -- app/Http/Controllers/Admin/
> git show :app/Timeline.php
> git ls-files --stage -- app/
> git check-ignore -z --stdin
> git show :app/Timeline_post.php
> git ls-files --stage -- app/
> git check-ignore -z --stdin
> git show :app/Slider.php
> git ls-files --stage -- app/
> git show :app/Timeline_post.php
> git ls-files --stage -- app/
> git show :app/Timeline.php
> git ls-files --stage -- app/
> git show :app/Timeline_post.php
> git ls-files --stage -- app/
> git show :app/Slider.php
> git ls-files --stage -- app/
> git show :app/Http/Controllers/Admin/TimelineController.php
> git ls-files --stage -- app/Http/Controllers/Admin/
> git check-ignore -z --stdin
> git check-ignore -z --stdin
> git show :resources/views/admin/timeline/index.blade.php
> git ls-files --stage -- resources/views/admin/timeline/
> git check-ignore -z --stdin
> git show :app/Http/Controllers/Admin/TimelineController.php
> git ls-files --stage -- app/Http/Controllers/Admin/
> git show :resources/views/admin/timeline/index.blade.php
> git ls-files --stage -- resources/views/admin/timeline/
> git check-ignore -z --stdin
> git show :resources/views/admin/slider/index.blade.php
> git ls-files --stage -- resources/views/admin/slider/
> git show :resources/views/admin/timeline/index.blade.php
> git ls-files --stage -- resources/views/admin/timeline/
> git show :resources/views/admin/timeline/show.blade.php
> git ls-files --stage -- resources/views/admin/timeline/
> git check-ignore -z --stdin
